android/app/build/intermediates/manifest_merge_blame_file/release/manifest-merger-blame-release-report.txt
1<?xml version="1.0" encoding="utf-8"?>
2<manifest xmlns:android="http://schemas.android.com/apk/res/android"
3    package="com.createdinam.professionbeat"
4    android:versionCode="9"
5    android:versionName="Tuitour Bot: 1.1.9" >
6
7    <uses-sdk
8        android:minSdkVersion="21"
8-->src/main/AndroidManifest.xml
9        android:targetSdkVersion="33" />
9-->src/main/AndroidManifest.xml
10
11    <uses-permission android:name="android.permission.BIND_TELECOM_CONNECTION_SERVICE" />
11-->src/main/AndroidManifest.xml:4:5-5:47
11-->src/main/AndroidManifest.xml:4:22-87
12    <uses-permission android:name="android.permission.FOREGROUND_SERVICE" />
12-->src/main/AndroidManifest.xml:6:5-77
12-->src/main/AndroidManifest.xml:6:22-74
13    <uses-permission
13-->src/main/AndroidManifest.xml:7:5-75
14        android:name="android.permission.READ_PHONE_STATE"
14-->src/main/AndroidManifest.xml:7:22-72
15        android:maxSdkVersion="29" />
15-->[:react-native-callkeep] AndroidManifest.xml:12:9-35
16    <uses-permission android:name="android.permission.CALL_PHONE" />
16-->src/main/AndroidManifest.xml:8:5-69
16-->src/main/AndroidManifest.xml:8:22-66
17    <uses-permission android:name="android.permission.RECORD_AUDIO" />
17-->src/main/AndroidManifest.xml:9:5-71
17-->src/main/AndroidManifest.xml:9:22-68
18    <uses-permission android:name="android.permission.MODIFY_AUDIO_SETTINGS" />
18-->src/main/AndroidManifest.xml:10:5-80
18-->src/main/AndroidManifest.xml:10:22-77
19    <uses-permission android:name="android.permission.ACCESS_WIFI_STATE" />
19-->src/main/AndroidManifest.xml:11:5-76
19-->src/main/AndroidManifest.xml:11:22-73
20    <!-- Added permissions -->
21    <uses-permission android:name="android.permission.INTERNET" />
21-->src/main/AndroidManifest.xml:13:5-67
21-->src/main/AndroidManifest.xml:13:22-64
22    <uses-permission android:name="android.permission.POST_NOTIFICATIONS" />
22-->src/main/AndroidManifest.xml:14:5-77
22-->src/main/AndroidManifest.xml:14:22-74
23    <uses-permission android:name="android.permission.ACCESS_NETWORK_STATE" />
23-->src/main/AndroidManifest.xml:15:5-79
23-->src/main/AndroidManifest.xml:15:22-76
24    <uses-permission
24-->src/main/AndroidManifest.xml:16:5-17:36
25        android:name="org.apache.http.legacy"
25-->src/main/AndroidManifest.xml:16:22-59
26        android:required="false" />
26-->src/main/AndroidManifest.xml:17:9-33
27    <!-- Optional permissions -->
28    <uses-permission android:name="android.permission.READ_EXTERNAL_STORAGE" />
28-->src/main/AndroidManifest.xml:19:5-80
28-->src/main/AndroidManifest.xml:19:22-77
29    <uses-permission android:name="android.permission.WRITE_EXTERNAL_STORAGE" />
29-->src/main/AndroidManifest.xml:20:5-21:40
29-->src/main/AndroidManifest.xml:20:22-78
30    <uses-permission android:name="android.permission.CAMERA" />
30-->src/main/AndroidManifest.xml:22:5-65
30-->src/main/AndroidManifest.xml:22:22-62
31
32    <uses-feature android:name="android.hardware.camera" />
32-->src/main/AndroidManifest.xml:23:5-60
32-->src/main/AndroidManifest.xml:23:19-57
33    <uses-feature android:name="android.hardware.camera.autofocus" />
33-->src/main/AndroidManifest.xml:24:5-70
33-->src/main/AndroidManifest.xml:24:19-67
34
35    <!-- The Agora SDK requires Bluetooth permissions in case users are using Bluetooth devices. -->
36    <uses-permission android:name="android.permission.BLUETOOTH" />
36-->src/main/AndroidManifest.xml:28:5-68
36-->src/main/AndroidManifest.xml:28:22-65
37
38    <queries>
38-->[:react-native-inappbrowser-reborn] AndroidManifest.xml:11:5-15:15
39        <intent>
39-->[:react-native-inappbrowser-reborn] AndroidManifest.xml:12:9-14:18
40            <action android:name="android.support.customtabs.action.CustomTabsService" />
40-->[:react-native-inappbrowser-reborn] AndroidManifest.xml:13:13-90
40-->[:react-native-inappbrowser-reborn] AndroidManifest.xml:13:21-87
41        </intent>
42        <intent>
42-->[:react-native-image-crop-picker] AndroidManifest.xml:10:9-12:18
43            <action android:name="android.media.action.IMAGE_CAPTURE" />
43-->[:react-native-image-crop-picker] AndroidManifest.xml:11:13-73
43-->[:react-native-image-crop-picker] AndroidManifest.xml:11:21-70
44        </intent>
45        <intent>
45-->[com.razorpay:checkout:1.6.36] AndroidManifest.xml:11:9-17:18
46            <action android:name="android.intent.action.VIEW" />
46-->src/main/AndroidManifest.xml:52:13-65
46-->src/main/AndroidManifest.xml:52:21-62
47
48            <data
48-->[com.razorpay:checkout:1.6.36] AndroidManifest.xml:14:13-16:38
49                android:mimeType="*/*"
49-->[com.razorpay:checkout:1.6.36] AndroidManifest.xml:15:17-39
50                android:scheme="*" />
50-->[com.razorpay:checkout:1.6.36] AndroidManifest.xml:16:17-35
51        </intent>
52        <intent>
52-->[com.razorpay:checkout:1.6.36] AndroidManifest.xml:18:9-27:18
53            <action android:name="android.intent.action.VIEW" />
53-->src/main/AndroidManifest.xml:52:13-65
53-->src/main/AndroidManifest.xml:52:21-62
54
55            <category android:name="android.intent.category.BROWSABLE" />
55-->[com.razorpay:checkout:1.6.36] AndroidManifest.xml:21:13-74
55-->[com.razorpay:checkout:1.6.36] AndroidManifest.xml:21:23-71
56
57            <data
57-->[com.razorpay:checkout:1.6.36] AndroidManifest.xml:14:13-16:38
58                android:host="pay"
59                android:mimeType="*/*"
59-->[com.razorpay:checkout:1.6.36] AndroidManifest.xml:15:17-39
60                android:scheme="upi" />
60-->[com.razorpay:checkout:1.6.36] AndroidManifest.xml:16:17-35
61        </intent>
62        <intent>
62-->[com.razorpay:checkout:1.6.36] AndroidManifest.xml:28:9-30:18
63            <action android:name="android.intent.action.MAIN" />
63-->src/main/AndroidManifest.xml:50:13-65
63-->src/main/AndroidManifest.xml:50:21-62
64        </intent>
65        <intent>
65-->[com.razorpay:checkout:1.6.36] AndroidManifest.xml:31:9-35:18
66            <action android:name="android.intent.action.SEND" />
66-->[com.razorpay:checkout:1.6.36] AndroidManifest.xml:32:13-65
66-->[com.razorpay:checkout:1.6.36] AndroidManifest.xml:32:21-62
67
68            <data android:mimeType="*/*" />
68-->[com.razorpay:checkout:1.6.36] AndroidManifest.xml:14:13-16:38
68-->[com.razorpay:checkout:1.6.36] AndroidManifest.xml:15:17-39
69        </intent>
70        <intent>
70-->[com.razorpay:checkout:1.6.36] AndroidManifest.xml:36:9-38:18
71            <action android:name="rzp.device_token.share" />
71-->[com.razorpay:checkout:1.6.36] AndroidManifest.xml:37:13-61
71-->[com.razorpay:checkout:1.6.36] AndroidManifest.xml:37:21-58
72        </intent> <!-- Needs to be explicitly declared on Android R+ -->
73        <package android:name="com.google.android.apps.maps" />
73-->[com.google.android.gms:play-services-maps:18.2.0] AndroidManifest.xml:33:9-64
73-->[com.google.android.gms:play-services-maps:18.2.0] AndroidManifest.xml:33:18-61
74
75        <intent>
75-->[im.zego:zpns:2.5.0] AndroidManifest.xml:18:9-20:18
76            <action android:name="com.huawei.hms.core.aidlservice" />
76-->[im.zego:zpns:2.5.0] AndroidManifest.xml:19:13-70
76-->[im.zego:zpns:2.5.0] AndroidManifest.xml:19:21-67
77        </intent>
78    </queries>
79
80    <uses-permission android:name="android.permission.WAKE_LOCK" />
80-->[:react-native-firebase_analytics] AndroidManifest.xml:11:5-68
80-->[:react-native-firebase_analytics] AndroidManifest.xml:11:22-65
81    <uses-permission android:name="android.permission.ACCESS_COARSE_LOCATION" />
81-->[:react-native-maps] AndroidManifest.xml:10:5-81
81-->[:react-native-maps] AndroidManifest.xml:10:22-78
82    <uses-permission android:name="android.permission.READ_PHONE_NUMBERS" />
82-->[:react-native-callkeep] AndroidManifest.xml:13:5-77
82-->[:react-native-callkeep] AndroidManifest.xml:13:22-74
83    <uses-permission android:name="android.permission.MANAGE_OWN_CALLS" />
83-->[:react-native-callkeep] AndroidManifest.xml:14:5-75
83-->[:react-native-callkeep] AndroidManifest.xml:14:22-72
84
85    <uses-feature
85-->[com.google.android.gms:play-services-maps:18.2.0] AndroidManifest.xml:26:5-28:35
86        android:glEsVersion="0x00020000"
86-->[com.google.android.gms:play-services-maps:18.2.0] AndroidManifest.xml:27:9-41
87        android:required="true" /> <!-- Required by older versions of Google Play services to create IID tokens -->
87-->[com.google.android.gms:play-services-maps:18.2.0] AndroidManifest.xml:28:9-32
88    <uses-permission android:name="com.google.android.c2dm.permission.RECEIVE" />
88-->[com.google.firebase:firebase-messaging:23.1.2] AndroidManifest.xml:28:5-82
88-->[com.google.firebase:firebase-messaging:23.1.2] AndroidManifest.xml:28:22-79
89    <uses-permission android:name="com.google.android.gms.permission.AD_ID" />
89-->[com.google.android.gms:play-services-measurement-api:21.2.2] AndroidManifest.xml:25:5-79
89-->[com.google.android.gms:play-services-measurement-api:21.2.2] AndroidManifest.xml:25:22-76
90    <uses-permission android:name="com.google.android.finsky.permission.BIND_GET_INSTALL_REFERRER_SERVICE" />
90-->[com.google.android.gms:play-services-measurement:21.2.2] AndroidManifest.xml:26:5-110
90-->[com.google.android.gms:play-services-measurement:21.2.2] AndroidManifest.xml:26:22-107
91    <uses-permission android:name="android.permission.RECEIVE_BOOT_COMPLETED" />
91-->[androidx.work:work-runtime:2.7.1] AndroidManifest.xml:27:5-81
91-->[androidx.work:work-runtime:2.7.1] AndroidManifest.xml:27:22-78
92
93    <permission
93-->[androidx.core:core:1.9.0] AndroidManifest.xml:22:5-24:47
94        android:name="com.createdinam.professionbeat.DYNAMIC_RECEIVER_NOT_EXPORTED_PERMISSION"
94-->[androidx.core:core:1.9.0] AndroidManifest.xml:23:9-81
95        android:protectionLevel="signature" />
95-->[androidx.core:core:1.9.0] AndroidManifest.xml:24:9-44
96
97    <uses-permission android:name="com.createdinam.professionbeat.DYNAMIC_RECEIVER_NOT_EXPORTED_PERMISSION" />
97-->[androidx.core:core:1.9.0] AndroidManifest.xml:26:5-97
97-->[androidx.core:core:1.9.0] AndroidManifest.xml:26:22-94
98    <uses-permission android:name="android.permission.VIBRATE" />
98-->[app.notifee:core:202108261754] AndroidManifest.xml:12:5-66
98-->[app.notifee:core:202108261754] AndroidManifest.xml:12:22-63
99    <uses-permission android:name="android.permission.USE_FULL_SCREEN_INTENT" />
99-->[app.notifee:core:202108261754] AndroidManifest.xml:15:5-81
99-->[app.notifee:core:202108261754] AndroidManifest.xml:15:22-78
100    <uses-permission android:name="android.permission.SCHEDULE_EXACT_ALARM" />
100-->[app.notifee:core:202108261754] AndroidManifest.xml:16:5-79
100-->[app.notifee:core:202108261754] AndroidManifest.xml:16:22-76
101    <uses-permission
101-->[app.notifee:core:202108261754] AndroidManifest.xml:17:5-19:38
102        android:name="android.permission.BROADCAST_CLOSE_SYSTEM_DIALOGS"
102-->[app.notifee:core:202108261754] AndroidManifest.xml:18:9-73
103        android:maxSdkVersion="30" /> <!-- for android -->
103-->[app.notifee:core:202108261754] AndroidManifest.xml:19:9-35
104    <!-- <uses-permission android:name="com.android.launcher.permission.READ_SETTINGS"/> -->
105    <!-- <uses-permission android:name="com.android.launcher.permission.WRITE_SETTINGS"/> -->
106    <!-- <uses-permission android:name="com.android.launcher.permission.INSTALL_SHORTCUT" /> -->
107    <!-- <uses-permission android:name="com.android.launcher.permission.UNINSTALL_SHORTCUT" /> -->
108    <!-- for Samsung -->
109    <uses-permission android:name="com.sec.android.provider.badge.permission.READ" />
109-->[me.leolin:ShortcutBadger:1.1.22] AndroidManifest.xml:19:5-86
109-->[me.leolin:ShortcutBadger:1.1.22] AndroidManifest.xml:19:22-83
110    <uses-permission android:name="com.sec.android.provider.badge.permission.WRITE" /> <!-- for htc -->
110-->[me.leolin:ShortcutBadger:1.1.22] AndroidManifest.xml:20:5-87
110-->[me.leolin:ShortcutBadger:1.1.22] AndroidManifest.xml:20:22-84
111    <uses-permission android:name="com.htc.launcher.permission.READ_SETTINGS" />
111-->[me.leolin:ShortcutBadger:1.1.22] AndroidManifest.xml:23:5-81
111-->[me.leolin:ShortcutBadger:1.1.22] AndroidManifest.xml:23:22-78
112    <uses-permission android:name="com.htc.launcher.permission.UPDATE_SHORTCUT" /> <!-- for sony -->
112-->[me.leolin:ShortcutBadger:1.1.22] AndroidManifest.xml:24:5-83
112-->[me.leolin:ShortcutBadger:1.1.22] AndroidManifest.xml:24:22-80
113    <uses-permission android:name="com.sonyericsson.home.permission.BROADCAST_BADGE" />
113-->[me.leolin:ShortcutBadger:1.1.22] AndroidManifest.xml:27:5-88
113-->[me.leolin:ShortcutBadger:1.1.22] AndroidManifest.xml:27:22-85
114    <uses-permission android:name="com.sonymobile.home.permission.PROVIDER_INSERT_BADGE" /> <!-- for apex -->
114-->[me.leolin:ShortcutBadger:1.1.22] AndroidManifest.xml:28:5-92
114-->[me.leolin:ShortcutBadger:1.1.22] AndroidManifest.xml:28:22-89
115    <uses-permission android:name="com.anddoes.launcher.permission.UPDATE_COUNT" /> <!-- for solid -->
115-->[me.leolin:ShortcutBadger:1.1.22] AndroidManifest.xml:31:5-84
115-->[me.leolin:ShortcutBadger:1.1.22] AndroidManifest.xml:31:22-81
116    <uses-permission android:name="com.majeur.launcher.permission.UPDATE_BADGE" /> <!-- for huawei -->
116-->[me.leolin:ShortcutBadger:1.1.22] AndroidManifest.xml:34:5-83
116-->[me.leolin:ShortcutBadger:1.1.22] AndroidManifest.xml:34:22-80
117    <uses-permission android:name="com.huawei.android.launcher.permission.CHANGE_BADGE" />
117-->[me.leolin:ShortcutBadger:1.1.22] AndroidManifest.xml:37:5-91
117-->[me.leolin:ShortcutBadger:1.1.22] AndroidManifest.xml:37:22-88
118    <uses-permission android:name="com.huawei.android.launcher.permission.READ_SETTINGS" />
118-->[me.leolin:ShortcutBadger:1.1.22] AndroidManifest.xml:38:5-92
118-->[me.leolin:ShortcutBadger:1.1.22] AndroidManifest.xml:38:22-89
119    <uses-permission android:name="com.huawei.android.launcher.permission.WRITE_SETTINGS" /> <!-- for ZUK -->
119-->[me.leolin:ShortcutBadger:1.1.22] AndroidManifest.xml:39:5-93
119-->[me.leolin:ShortcutBadger:1.1.22] AndroidManifest.xml:39:22-90
120    <uses-permission android:name="android.permission.READ_APP_BADGE" /> <!-- for OPPO -->
120-->[me.leolin:ShortcutBadger:1.1.22] AndroidManifest.xml:42:5-73
120-->[me.leolin:ShortcutBadger:1.1.22] AndroidManifest.xml:42:22-70
121    <uses-permission android:name="com.oppo.launcher.permission.READ_SETTINGS" />
121-->[me.leolin:ShortcutBadger:1.1.22] AndroidManifest.xml:45:5-82
121-->[me.leolin:ShortcutBadger:1.1.22] AndroidManifest.xml:45:22-79
122    <uses-permission android:name="com.oppo.launcher.permission.WRITE_SETTINGS" /> <!-- for EvMe -->
122-->[me.leolin:ShortcutBadger:1.1.22] AndroidManifest.xml:46:5-83
122-->[me.leolin:ShortcutBadger:1.1.22] AndroidManifest.xml:46:22-80
123    <uses-permission android:name="me.everything.badger.permission.BADGE_COUNT_READ" />
123-->[me.leolin:ShortcutBadger:1.1.22] AndroidManifest.xml:49:5-88
123-->[me.leolin:ShortcutBadger:1.1.22] AndroidManifest.xml:49:22-85
124    <uses-permission android:name="me.everything.badger.permission.BADGE_COUNT_WRITE" />
124-->[me.leolin:ShortcutBadger:1.1.22] AndroidManifest.xml:50:5-89
124-->[me.leolin:ShortcutBadger:1.1.22] AndroidManifest.xml:50:22-86
125    <uses-permission android:name="android.permission.GET_TASKS" />
125-->[im.zego:zpns:2.5.0] AndroidManifest.xml:14:5-68
125-->[im.zego:zpns:2.5.0] AndroidManifest.xml:14:22-65
126
127    <application
127-->src/main/AndroidManifest.xml:31:5-104:19
128        android:name="com.createdinam.professionbeat.MainApplication"
128-->src/main/AndroidManifest.xml:32:7-38
129        android:allowBackup="false"
129-->src/main/AndroidManifest.xml:36:7-34
130        android:appComponentFactory="androidx.core.app.CoreComponentFactory"
130-->[androidx.core:core:1.9.0] AndroidManifest.xml:28:18-86
131        android:dataExtractionRules="@xml/data_extraction_rules"
131-->src/main/AndroidManifest.xml:40:9-65
132        android:icon="@drawable/ic_launcher"
132-->src/main/AndroidManifest.xml:34:7-43
133        android:label="@string/app_name"
133-->src/main/AndroidManifest.xml:33:7-39
134        android:roundIcon="@drawable/ic_launcher"
134-->src/main/AndroidManifest.xml:35:7-48
135        android:screenOrientation="sensorPortrait"
135-->src/main/AndroidManifest.xml:38:7-49
136        android:theme="@style/AppTheme"
136-->src/main/AndroidManifest.xml:39:7-38
137        android:usesCleartextTraffic="true" >
137-->src/main/AndroidManifest.xml:37:7-42
138        <activity
138-->src/main/AndroidManifest.xml:43:7-54:18
139            android:name="com.createdinam.professionbeat.MainActivity"
139-->src/main/AndroidManifest.xml:44:9-37
140            android:configChanges="keyboard|keyboardHidden|orientation|screenLayout|screenSize|smallestScreenSize|uiMode"
140-->src/main/AndroidManifest.xml:45:9-118
141            android:exported="true"
141-->src/main/AndroidManifest.xml:48:9-32
142            android:launchMode="singleTask"
142-->src/main/AndroidManifest.xml:46:9-40
143            android:windowSoftInputMode="adjustResize" >
143-->src/main/AndroidManifest.xml:47:9-51
144            <intent-filter>
144-->src/main/AndroidManifest.xml:49:9-53:25
145                <action android:name="android.intent.action.MAIN" />
145-->src/main/AndroidManifest.xml:50:13-65
145-->src/main/AndroidManifest.xml:50:21-62
146
147                <category android:name="android.intent.category.LAUNCHER" />
147-->src/main/AndroidManifest.xml:51:13-73
147-->src/main/AndroidManifest.xml:51:23-70
148
149                <action android:name="android.intent.action.VIEW" />
149-->src/main/AndroidManifest.xml:52:13-65
149-->src/main/AndroidManifest.xml:52:21-62
150            </intent-filter>
151        </activity>
152
153        <service
153-->src/main/AndroidManifest.xml:55:9-63:19
154            android:name="io.wazo.callkeep.VoiceConnectionService"
154-->src/main/AndroidManifest.xml:55:18-72
155            android:exported="true"
155-->src/main/AndroidManifest.xml:59:13-36
156            android:foregroundServiceType="phoneCall"
156-->src/main/AndroidManifest.xml:58:13-54
157            android:label="Wazo"
157-->src/main/AndroidManifest.xml:56:13-33
158            android:permission="android.permission.BIND_TELECOM_CONNECTION_SERVICE" >
158-->src/main/AndroidManifest.xml:57:13-84
159            <intent-filter>
159-->src/main/AndroidManifest.xml:60:13-62:29
160                <action android:name="android.telecom.ConnectionService" />
160-->src/main/AndroidManifest.xml:61:17-76
160-->src/main/AndroidManifest.xml:61:25-73
161            </intent-filter>
162        </service>
163
164        <meta-data
164-->src/main/AndroidManifest.xml:64:9-67:15
165            android:name="com.supersami.foregroundservice.notification_channel_name"
165-->src/main/AndroidManifest.xml:65:13-85
166            android:value="Sticky Title" />
166-->src/main/AndroidManifest.xml:66:13-41
167        <meta-data
167-->src/main/AndroidManifest.xml:68:9-71:15
168            android:name="com.supersami.foregroundservice.notification_channel_description"
168-->src/main/AndroidManifest.xml:69:13-92
169            android:value="Sticky Description." />
169-->src/main/AndroidManifest.xml:70:13-48
170        <meta-data
170-->src/main/AndroidManifest.xml:72:9-75:15
171            android:name="com.supersami.foregroundservice.notification_color"
171-->src/main/AndroidManifest.xml:73:13-78
172            android:resource="@color/azure" />
172-->src/main/AndroidManifest.xml:74:13-44
173        <meta-data
173-->src/main/AndroidManifest.xml:76:9-78:70
174            android:name="com.google.firebase.messaging.default_notification_icon"
174-->src/main/AndroidManifest.xml:77:13-83
175            android:resource="@drawable/ic_stat_notification_logo" />
175-->src/main/AndroidManifest.xml:78:13-67
176        <!-- notification -->
177        <receiver android:name="com.dieam.reactnativepushnotification.modules.RNPushNotificationActions" />
177-->src/main/AndroidManifest.xml:80:9-108
177-->src/main/AndroidManifest.xml:80:19-105
178        <receiver android:name="com.dieam.reactnativepushnotification.modules.RNPushNotificationPublisher" />
178-->src/main/AndroidManifest.xml:81:9-110
178-->src/main/AndroidManifest.xml:81:19-107
179        <receiver android:name="com.dieam.reactnativepushnotification.modules.RNPushNotificationActions" />
179-->src/main/AndroidManifest.xml:80:9-108
179-->src/main/AndroidManifest.xml:80:19-105
180        <receiver android:name="com.dieam.reactnativepushnotification.modules.RNPushNotificationPublisher" />
180-->src/main/AndroidManifest.xml:81:9-110
180-->src/main/AndroidManifest.xml:81:19-107
181        <receiver
181-->src/main/AndroidManifest.xml:84:9-92:20
182            android:name="com.dieam.reactnativepushnotification.modules.RNPushNotificationBootEventReceiver"
182-->src/main/AndroidManifest.xml:85:13-109
183            android:exported="true" >
183-->src/main/AndroidManifest.xml:86:13-36
184            <intent-filter>
184-->src/main/AndroidManifest.xml:87:13-91:29
185                <action android:name="android.intent.action.BOOT_COMPLETED" />
185-->src/main/AndroidManifest.xml:88:17-79
185-->src/main/AndroidManifest.xml:88:25-76
186                <action android:name="android.intent.action.QUICKBOOT_POWERON" />
186-->src/main/AndroidManifest.xml:89:17-82
186-->src/main/AndroidManifest.xml:89:25-79
187                <action android:name="com.htc.intent.action.QUICKBOOT_POWERON" />
187-->src/main/AndroidManifest.xml:90:17-81
187-->src/main/AndroidManifest.xml:90:25-79
188            </intent-filter>
189        </receiver>
190
191        <service
191-->src/main/AndroidManifest.xml:93:9-99:19
192            android:name="com.dieam.reactnativepushnotification.modules.RNPushNotificationListenerService"
192-->src/main/AndroidManifest.xml:94:13-107
193            android:exported="false" >
193-->src/main/AndroidManifest.xml:95:13-37
194            <intent-filter>
194-->src/main/AndroidManifest.xml:96:13-98:29
195                <action android:name="com.google.firebase.MESSAGING_EVENT" />
195-->src/main/AndroidManifest.xml:97:17-78
195-->src/main/AndroidManifest.xml:97:25-75
196            </intent-filter>
197        </service>
198        <service android:name="io.wazo.callkeep.RNCallKeepBackgroundMessagingService" />
198-->src/main/AndroidManifest.xml:100:9-89
198-->src/main/AndroidManifest.xml:100:18-86
199
200        <meta-data
200-->src/main/AndroidManifest.xml:101:9-103:68
201            android:name="com.google.android.geo.API_KEY"
201-->src/main/AndroidManifest.xml:102:11-56
202            android:value="AIzaSyA7jKr8cUZnMXeuccPPztmG1Ucp-RfBxVY" />
202-->src/main/AndroidManifest.xml:103:11-66
203
204        <activity
204-->[:react-native-razorpay] AndroidManifest.xml:10:9-12:86
205            android:name="com.razorpay.CheckoutActivity"
205-->[:react-native-razorpay] AndroidManifest.xml:11:13-57
206            android:configChanges="keyboard|keyboardHidden|orientation|screenSize"
206-->[:react-native-razorpay] AndroidManifest.xml:12:13-83
207            android:exported="false"
207-->[com.razorpay:checkout:1.6.36] AndroidManifest.xml:54:13-37
208            android:theme="@style/CheckoutTheme" >
208-->[com.razorpay:checkout:1.6.36] AndroidManifest.xml:55:13-49
209            <intent-filter>
209-->[com.razorpay:checkout:1.6.36] AndroidManifest.xml:56:13-58:29
210                <action android:name="android.intent.action.MAIN" />
210-->src/main/AndroidManifest.xml:50:13-65
210-->src/main/AndroidManifest.xml:50:21-62
211            </intent-filter>
212        </activity>
213        <activity
213-->[:react-native-inappbrowser-reborn] AndroidManifest.xml:18:9-21:20
214            android:name="com.proyecto26.inappbrowser.ChromeTabsManagerActivity"
214-->[:react-native-inappbrowser-reborn] AndroidManifest.xml:19:13-81
215            android:exported="false" >
215-->[:react-native-inappbrowser-reborn] AndroidManifest.xml:20:13-37
216        </activity>
217
218        <meta-data
218-->[:react-native-firebase_analytics] AndroidManifest.xml:14:9-16:36
219            android:name="firebase_analytics_collection_enabled"
219-->[:react-native-firebase_analytics] AndroidManifest.xml:15:13-65
220            android:value="true" />
220-->[:react-native-firebase_analytics] AndroidManifest.xml:16:13-33
221        <meta-data
221-->[:react-native-firebase_analytics] AndroidManifest.xml:17:9-19:37
222            android:name="firebase_analytics_collection_deactivated"
222-->[:react-native-firebase_analytics] AndroidManifest.xml:18:13-69
223            android:value="false" />
223-->[:react-native-firebase_analytics] AndroidManifest.xml:19:13-34
224        <meta-data
224-->[:react-native-firebase_analytics] AndroidManifest.xml:20:9-22:36
225            android:name="google_analytics_adid_collection_enabled"
225-->[:react-native-firebase_analytics] AndroidManifest.xml:21:13-68
226            android:value="true" />
226-->[:react-native-firebase_analytics] AndroidManifest.xml:22:13-33
227        <meta-data
227-->[:react-native-firebase_analytics] AndroidManifest.xml:23:9-25:36
228            android:name="google_analytics_ssaid_collection_enabled"
228-->[:react-native-firebase_analytics] AndroidManifest.xml:24:13-69
229            android:value="true" />
229-->[:react-native-firebase_analytics] AndroidManifest.xml:25:13-33
230        <meta-data
230-->[:react-native-firebase_analytics] AndroidManifest.xml:26:9-28:36
231            android:name="google_analytics_default_allow_ad_personalization_signals"
231-->[:react-native-firebase_analytics] AndroidManifest.xml:27:13-85
232            android:value="true" />
232-->[:react-native-firebase_analytics] AndroidManifest.xml:28:13-33
233        <meta-data
233-->[:react-native-firebase_analytics] AndroidManifest.xml:29:9-31:36
234            android:name="google_analytics_automatic_screen_reporting_enabled"
234-->[:react-native-firebase_analytics] AndroidManifest.xml:30:13-79
235            android:value="true" />
235-->[:react-native-firebase_analytics] AndroidManifest.xml:31:13-33
236
237        <service
237-->[:react-native-firebase_messaging] AndroidManifest.xml:14:9-16:40
238            android:name="io.invertase.firebase.messaging.ReactNativeFirebaseMessagingHeadlessService"
238-->[:react-native-firebase_messaging] AndroidManifest.xml:15:13-103
239            android:exported="false" />
239-->[:react-native-firebase_messaging] AndroidManifest.xml:16:13-37
240        <service
240-->[:react-native-firebase_messaging] AndroidManifest.xml:17:9-23:19
241            android:name="io.invertase.firebase.messaging.ReactNativeFirebaseMessagingService"
241-->[:react-native-firebase_messaging] AndroidManifest.xml:18:13-95
242            android:exported="false" >
242-->[:react-native-firebase_messaging] AndroidManifest.xml:19:13-37
243            <intent-filter>
243-->src/main/AndroidManifest.xml:96:13-98:29
244                <action android:name="com.google.firebase.MESSAGING_EVENT" />
244-->src/main/AndroidManifest.xml:97:17-78
244-->src/main/AndroidManifest.xml:97:25-75
245            </intent-filter>
246        </service>
247
248        <receiver
248-->[:react-native-firebase_messaging] AndroidManifest.xml:25:9-32:20
249            android:name="io.invertase.firebase.messaging.ReactNativeFirebaseMessagingReceiver"
249-->[:react-native-firebase_messaging] AndroidManifest.xml:26:13-96
250            android:exported="true"
250-->[:react-native-firebase_messaging] AndroidManifest.xml:27:13-36
251            android:permission="com.google.android.c2dm.permission.SEND" >
251-->[:react-native-firebase_messaging] AndroidManifest.xml:28:13-73
252            <intent-filter>
252-->[:react-native-firebase_messaging] AndroidManifest.xml:29:13-31:29
253                <action android:name="com.google.android.c2dm.intent.RECEIVE" />
253-->[:react-native-firebase_messaging] AndroidManifest.xml:30:17-81
253-->[:react-native-firebase_messaging] AndroidManifest.xml:30:25-78
254            </intent-filter>
255        </receiver>
256
257        <meta-data
257-->[:react-native-firebase_messaging] AndroidManifest.xml:34:9-36:36
258            android:name="firebase_messaging_auto_init_enabled"
258-->[:react-native-firebase_messaging] AndroidManifest.xml:35:13-64
259            android:value="true" />
259-->[:react-native-firebase_messaging] AndroidManifest.xml:36:13-33
260        <meta-data
260-->[:react-native-firebase_messaging] AndroidManifest.xml:37:9-39:32
261            android:name="com.google.firebase.messaging.default_notification_channel_id"
261-->[:react-native-firebase_messaging] AndroidManifest.xml:38:13-89
262            android:value="" />
262-->[:react-native-firebase_messaging] AndroidManifest.xml:39:13-29
263        <meta-data
263-->[:react-native-firebase_messaging] AndroidManifest.xml:40:9-42:47
264            android:name="com.google.firebase.messaging.default_notification_color"
264-->[:react-native-firebase_messaging] AndroidManifest.xml:41:13-84
265            android:resource="@color/white" />
265-->[:react-native-firebase_messaging] AndroidManifest.xml:42:13-44
266        <meta-data
266-->[:@react-native-firebase_app] AndroidManifest.xml:11:9-13:36
267            android:name="app_data_collection_default_enabled"
267-->[:@react-native-firebase_app] AndroidManifest.xml:12:13-63
268            android:value="true" />
268-->[:@react-native-firebase_app] AndroidManifest.xml:13:13-33
269
270        <service
270-->[:@react-native-firebase_app] AndroidManifest.xml:15:9-23:19
271            android:name="com.google.firebase.components.ComponentDiscoveryService"
271-->[:@react-native-firebase_app] AndroidManifest.xml:16:13-84
272            android:directBootAware="true"
272-->[:@react-native-firebase_app] AndroidManifest.xml:17:13-43
273            android:exported="false" >
273-->[:@react-native-firebase_app] AndroidManifest.xml:18:13-37
274            <meta-data